#
# There is insufficient memory for the Java Runtime Environment to continue.
# Native memory allocation (mmap) failed to map 68157440 bytes for committing reserved memory.
# Possible reasons:
#   The system is out of physical RAM or swap space
#   In 32 bit mode, the process size limit was hit
# Possible solutions:
#   Reduce memory load on the system
#   Increase physical memory or swap space
#   Check if swap backing store is full
#   Use 64 bit Java on a 64 bit OS
#   Decrease Java heap size (-Xmx/-Xms)
#   Decrease number of Java threads
#   Decrease Java thread stack sizes (-Xss)
#   Set larger code cache with -XX:ReservedCodeCacheSize=
# This output file may be truncated or incomplete.
#
#  Out of Memory Error (os_linux.cpp:2640), pid=16385, tid=0x00007fa9fbdfd700
#
# JRE version: Java(TM) SE Runtime Environment (8.0_131-b11) (build 1.8.0_131-b11)
# Java VM: Java HotSpot(TM) 64-Bit Server VM (25.131-b11 mixed mode linux-amd64 compressed oops)
# Failed to write core dump. Core dumps have been disabled. To enable core dumping, try "ulimit -c unlimited" before starting Java again
#

---------------  T H R E A D  ---------------

Current thread (0x00007faa14077800):  VMThread [stack: 0x00007fa9fbcfd000,0x00007fa9fbdfe000] [id=16400]

Stack: [0x00007fa9fbcfd000,0x00007fa9fbdfe000],  sp=0x00007fa9fbdfc0a0,  free space=1020k
Native frames: (J=compiled Java code, j=interpreted, Vv=VM code, C=native code)
V  [libjvm.so+0xac826a]  VMError::report_and_die()+0x2ba
V  [libjvm.so+0x4fd4cb]  report_vm_out_of_memory(char const*, int, unsigned long, VMErrorType, char const*)+0x8b
V  [libjvm.so+0x924f53]  os::Linux::commit_memory_impl(char*, unsigned long, bool)+0x103
V  [libjvm.so+0x9254a9]  os::pd_commit_memory(char*, unsigned long, unsigned long, bool)+0x29
V  [libjvm.so+0x91f6ca]  os::commit_memory(char*, unsigned long, unsigned long, bool)+0x2a
V  [libjvm.so+0x9941e3]  PSVirtualSpace::expand_by(unsigned long)+0x53
V  [libjvm.so+0x9955e8]  PSYoungGen::resize_generation(unsigned long, unsigned long)+0xf8
V  [libjvm.so+0x994742]  PSYoungGen::resize(unsigned long, unsigned long)+0x22
V  [libjvm.so+0x991a1b]  PSScavenge::invoke_no_policy()+0xf3b
V  [libjvm.so+0x9921a1]  PSScavenge::invoke()+0x41
V  [libjvm.so+0x948f00]  ParallelScavengeHeap::failed_mem_allocate(unsigned long)+0x70
V  [libjvm.so+0xac9c87]  VM_ParallelGCFailedAllocation::doit()+0x97
V  [libjvm.so+0xad1765]  VM_Operation::evaluate()+0x55
V  [libjvm.so+0xacfb3a]  VMThread::evaluate_operation(VM_Operation*)+0xba
V  [libjvm.so+0xacfebe]  VMThread::loop()+0x1ce
V  [libjvm.so+0xad0330]  VMThread::run()+0x70
V  [libjvm.so+0x927568]  java_start(Thread*)+0x108

VM_Operation (0x00007faa1a3823d0): ParallelGCFailedAllocation, mode: safepoint, requested by thread 0x00007faa1400a000


---------------  P R O C E S S  ---------------

Java Threads: ( => current thread )
  0x00007faa140d3000 JavaThread "Service Thread" daemon [_thread_blocked, id=16407, stack(0x00007fa9fb1a0000,0x00007fa9fb2a1000)]
  0x00007faa140be000 JavaThread "C1 CompilerThread2" daemon [_thread_blocked, id=16406, stack(0x00007fa9fb2a1000,0x00007fa9fb3a2000)]
  0x00007faa140bc800 JavaThread "C2 CompilerThread1" daemon [_thread_blocked, id=16405, stack(0x00007fa9fb3a2000,0x00007fa9fb4a3000)]
  0x00007faa140b9800 JavaThread "C2 CompilerThread0" daemon [_thread_blocked, id=16404, stack(0x00007fa9fb4a3000,0x00007fa9fb5a4000)]
  0x00007faa140b5800 JavaThread "Signal Dispatcher" daemon [_thread_blocked, id=16403, stack(0x00007fa9fb5a4000,0x00007fa9fb6a5000)]
  0x00007faa14084000 JavaThread "Finalizer" daemon [_thread_blocked, id=16402, stack(0x00007fa9fbafb000,0x00007fa9fbbfc000)]
  0x00007faa1407f800 JavaThread "Reference Handler" daemon [_thread_blocked, id=16401, stack(0x00007fa9fbbfc000,0x00007fa9fbcfd000)]
  0x00007faa1400a000 JavaThread "main" [_thread_blocked, id=16395, stack(0x00007faa1a285000,0x00007faa1a386000)]

Other Threads:
=>0x00007faa14077800 VMThread [stack: 0x00007fa9fbcfd000,0x00007fa9fbdfe000] [id=16400]
  0x00007faa140d6000 WatcherThread [stack: 0x00007fa9fb09f000,0x00007fa9fb1a0000] [id=16408]

VM state:at safepoint (normal execution)

VM Mutex/Monitor currently owned by a thread:  ([mutex/lock_event])
[0x00007faa14006250] Threads_lock - owner thread: 0x00007faa14077800
[0x00007faa14006750] Heap_lock - owner thread: 0x00007faa1400a000

Heap:
 PSYoungGen      total 70656K, used 7136K [0x00000000ebc00000, 0x00000000f0800000, 0x0000000100000000)
  eden space 63488K, 0% used [0x00000000ebc00000,0x00000000ebc00000,0x00000000efa00000)
  from space 7168K, 99% used [0x00000000efa00000,0x00000000f00f8020,0x00000000f0100000)
  to   space 7168K, 0% used [0x00000000f0100000,0x00000000f0100000,0x00000000f0800000)
 ParOldGen       total 42496K, used 11070K [0x00000000c3400000, 0x00000000c5d80000, 0x00000000ebc00000)
  object space 42496K, 26% used [0x00000000c3400000,0x00000000c3ecfa88,0x00000000c5d80000)
 Metaspace       used 16240K, capacity 16624K, committed 16896K, reserved 1064960K
  class space    used 1931K, capacity 2024K, committed 2048K, reserved 1048576K

Card table byte_map: [0x00007faa03dd2000,0x00007faa03fb9000] byte_map_base: 0x00007faa037b8000

Marking Bits: (ParMarkBitMap*) 0x00007faa19756f60
 Begin Bits: [0x00007faa01a2a000, 0x00007faa0295a000)
 End Bits:   [0x00007faa0295a000, 0x00007faa0388a000)

Polling page: 0x00007faa1a3a6000

CodeCache: size=245760Kb used=10339Kb max_used=10339Kb free=235420Kb
 bounds [0x00007faa04379000, 0x00007faa04da9000, 0x00007faa13379000]
 total_blobs=3349 nmethods=3006 adapters=256
 compilation: enabled

Compilation events (10 events):
Event: 2,916 Thread 0x00007faa140be000 nmethod 3007 0x00007faa04d93390 code [0x00007faa04d93640, 0x00007faa04d94aa8]
Event: 2,927 Thread 0x00007faa140be000 3011       3       org.eclipse.aether.util.version.GenericVersion::trimPadding (122 bytes)
Event: 2,929 Thread 0x00007faa140be000 nmethod 3011 0x00007faa04d95790 code [0x00007faa04d95a00, 0x00007faa04d96e58]
Event: 2,929 Thread 0x00007faa140be000 3014       3       org.eclipse.aether.resolution.VersionRangeResult::<init> (45 bytes)
Event: 2,929 Thread 0x00007faa140be000 nmethod 3014 0x00007faa04d90a50 code [0x00007faa04d90c00, 0x00007faa04d91028]
Event: 2,929 Thread 0x00007faa140be000 3015       3       org.eclipse.aether.resolution.VersionRangeResult::setVersionConstraint (7 bytes)
Event: 2,929 Thread 0x00007faa140be000 nmethod 3015 0x00007faa04d90690 code [0x00007faa04d907e0, 0x00007faa04d90950]
Event: 2,929 Thread 0x00007faa140be000 3016       3       org.eclipse.aether.internal.impl.DefaultDependencyCollector$PremanagedDependency::create (228 bytes)
Event: 2,932 Thread 0x00007faa140be000 nmethod 3016 0x00007faa04d972d0 code [0x00007faa04d976a0, 0x00007faa04d99c58]
Event: 2,936 Thread 0x00007faa140be000 3012       3       org.eclipse.aether.internal.impl.DefaultArtifactResolver::resolveArtifact (19 bytes)

GC Heap History (10 events):
Event: 0,727 GC heap after
Heap after GC invocations=2 (full 0):
 PSYoungGen      total 18432K, used 2539K [0x00000000ebc00000, 0x00000000ee000000, 0x0000000100000000)
  eden space 15872K, 0% used [0x00000000ebc00000,0x00000000ebc00000,0x00000000ecb80000)
  from space 2560K, 99% used [0x00000000ece00000,0x00000000ed07ad38,0x00000000ed080000)
  to   space 2560K, 0% used [0x00000000ecb80000,0x00000000ecb80000,0x00000000ece00000)
 ParOldGen       total 42496K, used 1187K [0x00000000c3400000, 0x00000000c5d80000, 0x00000000ebc00000)
  object space 42496K, 2% used [0x00000000c3400000,0x00000000c3528cf0,0x00000000c5d80000)
 Metaspace       used 8048K, capacity 8156K, committed 8320K, reserved 1056768K
  class space    used 1004K, capacity 1080K, committed 1152K, reserved 1048576K
}
Event: 0,913 GC heap before
{Heap before GC invocations=3 (full 0):
 PSYoungGen      total 18432K, used 18411K [0x00000000ebc00000, 0x00000000ee000000, 0x0000000100000000)
  eden space 15872K, 100% used [0x00000000ebc00000,0x00000000ecb80000,0x00000000ecb80000)
  from space 2560K, 99% used [0x00000000ece00000,0x00000000ed07ad38,0x00000000ed080000)
  to   space 2560K, 0% used [0x00000000ecb80000,0x00000000ecb80000,0x00000000ece00000)
 ParOldGen       total 42496K, used 1187K [0x00000000c3400000, 0x00000000c5d80000, 0x00000000ebc00000)
  object space 42496K, 2% used [0x00000000c3400000,0x00000000c3528cf0,0x00000000c5d80000)
 Metaspace       used 10307K, capacity 10456K, committed 10624K, reserved 1058816K
  class space    used 1275K, capacity 1313K, committed 1408K, reserved 1048576K
Event: 0,916 GC heap after
Heap after GC invocations=3 (full 0):
 PSYoungGen      total 18432K, used 2545K [0x00000000ebc00000, 0x00000000ee000000, 0x0000000100000000)
  eden space 15872K, 0% used [0x00000000ebc00000,0x00000000ebc00000,0x00000000ecb80000)
  from space 2560K, 99% used [0x00000000ecb80000,0x00000000ecdfc7e0,0x00000000ece00000)
  to   space 2560K, 0% used [0x00000000edd80000,0x00000000edd80000,0x00000000ee000000)
 ParOldGen       total 42496K, used 3435K [0x00000000c3400000, 0x00000000c5d80000, 0x00000000ebc00000)
  object space 42496K, 8% used [0x00000000c3400000,0x00000000c375ad80,0x00000000c5d80000)
 Metaspace       used 10307K, capacity 10456K, committed 10624K, reserved 1058816K
  class space    used 1275K, capacity 1313K, committed 1408K, reserved 1048576K
}
Event: 1,150 GC heap before
{Heap before GC invocations=4 (full 0):
 PSYoungGen      total 18432K, used 18417K [0x00000000ebc00000, 0x00000000ee000000, 0x0000000100000000)
  eden space 15872K, 100% used [0x00000000ebc00000,0x00000000ecb80000,0x00000000ecb80000)
  from space 2560K, 99% used [0x00000000ecb80000,0x00000000ecdfc7e0,0x00000000ece00000)
  to   space 2560K, 0% used [0x00000000edd80000,0x00000000edd80000,0x00000000ee000000)
 ParOldGen       total 42496K, used 3435K [0x00000000c3400000, 0x00000000c5d80000, 0x00000000ebc00000)
  object space 42496K, 8% used [0x00000000c3400000,0x00000000c375ad80,0x00000000c5d80000)
 Metaspace       used 12286K, capacity 12494K, committed 12800K, reserved 1060864K
  class space    used 1573K, capacity 1669K, committed 1792K, reserved 1048576K
Event: 1,156 GC heap after
Heap after GC invocations=4 (full 0):
 PSYoungGen      total 34304K, used 2528K [0x00000000ebc00000, 0x00000000ee000000, 0x0000000100000000)
  eden space 31744K, 0% used [0x00000000ebc00000,0x00000000ebc00000,0x00000000edb00000)
  from space 2560K, 98% used [0x00000000edd80000,0x00000000edff8020,0x00000000ee000000)
  to   space 2560K, 0% used [0x00000000edb00000,0x00000000edb00000,0x00000000edd80000)
 ParOldGen       total 42496K, used 6002K [0x00000000c3400000, 0x00000000c5d80000, 0x00000000ebc00000)
  object space 42496K, 14% used [0x00000000c3400000,0x00000000c39dc9d8,0x00000000c5d80000)
 Metaspace       used 12286K, capacity 12494K, committed 12800K, reserved 1060864K
  class space    used 1573K, capacity 1669K, committed 1792K, reserved 1048576K
}
Event: 1,822 GC heap before
{Heap before GC invocations=5 (full 0):
 PSYoungGen      total 34304K, used 34272K [0x00000000ebc00000, 0x00000000ee000000, 0x0000000100000000)
  eden space 31744K, 100% used [0x00000000ebc00000,0x00000000edb00000,0x00000000edb00000)
  from space 2560K, 98% used [0x00000000edd80000,0x00000000edff8020,0x00000000ee000000)
  to   space 2560K, 0% used [0x00000000edb00000,0x00000000edb00000,0x00000000edd80000)
 ParOldGen       total 42496K, used 6002K [0x00000000c3400000, 0x00000000c5d80000, 0x00000000ebc00000)
  object space 42496K, 14% used [0x00000000c3400000,0x00000000c39dc9d8,0x00000000c5d80000)
 Metaspace       used 14922K, capacity 15170K, committed 15488K, reserved 1062912K
  class space    used 1829K, capacity 1907K, committed 1920K, reserved 1048576K
Event: 1,833 GC heap after
Heap after GC invocations=5 (full 0):
 PSYoungGen      total 34304K, used 2544K [0x00000000ebc00000, 0x00000000f0800000, 0x0000000100000000)
  eden space 31744K, 0% used [0x00000000ebc00000,0x00000000ebc00000,0x00000000edb00000)
  from space 2560K, 99% used [0x00000000edb00000,0x00000000edd7c030,0x00000000edd80000)
  to   space 7168K, 0% used [0x00000000f0100000,0x00000000f0100000,0x00000000f0800000)
 ParOldGen       total 42496K, used 9731K [0x00000000c3400000, 0x00000000c5d80000, 0x00000000ebc00000)
  object space 42496K, 22% used [0x00000000c3400000,0x00000000c3d80c18,0x00000000c5d80000)
 Metaspace       used 14922K, capacity 15170K, committed 15488K, reserved 1062912K
  class space    used 1829K, capacity 1907K, committed 1920K, reserved 1048576K
}
Event: 2,192 GC heap before
{Heap before GC invocations=6 (full 0):
 PSYoungGen      total 34304K, used 34288K [0x00000000ebc00000, 0x00000000f0800000, 0x0000000100000000)
  eden space 31744K, 100% used [0x00000000ebc00000,0x00000000edb00000,0x00000000edb00000)
  from space 2560K, 99% used [0x00000000edb00000,0x00000000edd7c030,0x00000000edd80000)
  to   space 7168K, 0% used [0x00000000f0100000,0x00000000f0100000,0x00000000f0800000)
 ParOldGen       total 42496K, used 9731K [0x00000000c3400000, 0x00000000c5d80000, 0x00000000ebc00000)
  object space 42496K, 22% used [0x00000000c3400000,0x00000000c3d80c18,0x00000000c5d80000)
 Metaspace       used 15234K, capacity 15438K, committed 15744K, reserved 1062912K
  class space    used 1833K, capacity 1909K, committed 1920K, reserved 1048576K
Event: 2,200 GC heap after
Heap after GC invocations=6 (full 0):
 PSYoungGen      total 70656K, used 4048K [0x00000000ebc00000, 0x00000000f0800000, 0x0000000100000000)
  eden space 63488K, 0% used [0x00000000ebc00000,0x00000000ebc00000,0x00000000efa00000)
  from space 7168K, 56% used [0x00000000f0100000,0x00000000f04f4030,0x00000000f0800000)
  to   space 7168K, 0% used [0x00000000efa00000,0x00000000efa00000,0x00000000f0100000)
 ParOldGen       total 42496K, used 9739K [0x00000000c3400000, 0x00000000c5d80000, 0x00000000ebc00000)
  object space 42496K, 22% used [0x00000000c3400000,0x00000000c3d82c18,0x00000000c5d80000)
 Metaspace       used 15234K, capacity 15438K, committed 15744K, reserved 1062912K
  class space    used 1833K, capacity 1909K, committed 1920K, reserved 1048576K
}
Event: 2,936 GC heap before
{Heap before GC invocations=7 (full 0):
 PSYoungGen      total 70656K, used 67536K [0x00000000ebc00000, 0x00000000f0800000, 0x0000000100000000)
  eden space 63488K, 100% used [0x00000000ebc00000,0x00000000efa00000,0x00000000efa00000)
  from space 7168K, 56% used [0x00000000f0100000,0x00000000f04f4030,0x00000000f0800000)
  to   space 7168K, 0% used [0x00000000efa00000,0x00000000efa00000,0x00000000f0100000)
 ParOldGen       total 42496K, used 9739K [0x00000000c3400000, 0x00000000c5d80000, 0x00000000ebc00000)
  object space 42496K, 22% used [0x00000000c3400000,0x00000000c3d82c18,0x00000000c5d80000)
 Metaspace       used 16240K, capacity 16624K, committed 16896K, reserved 1064960K
  class space    used 1931K, capacity 2024K, committed 2048K, reserved 1048576K

Deoptimization events (10 events):
Event: 2,444 Thread 0x00007faa1400a000 Uncommon trap: reason=unstable_if action=reinterpret pc=0x00007faa04a4b52c method=org.codehaus.plexus.util.xml.pull.MXParser.nextImpl()I @ 280
Event: 2,543 Thread 0x00007faa1400a000 Uncommon trap: reason=unstable_if action=reinterpret pc=0x00007faa04b082f4 method=java.util.HashMap.getNode(ILjava/lang/Object;)Ljava/util/HashMap$Node; @ 53
Event: 2,544 Thread 0x00007faa1400a000 Uncommon trap: reason=unstable_if action=reinterpret pc=0x00007faa046da060 method=java.util.HashMap.getNode(ILjava/lang/Object;)Ljava/util/HashMap$Node; @ 53
Event: 2,628 Thread 0x00007faa1400a000 Uncommon trap: reason=bimorphic action=maybe_recompile pc=0x00007faa0497b338 method=java.util.regex.Pattern$CharProperty.match(Ljava/util/regex/Matcher;ILjava/lang/CharSequence;)Z @ 37
Event: 2,701 Thread 0x00007faa1400a000 Uncommon trap: reason=bimorphic action=maybe_recompile pc=0x00007faa048c9390 method=java.util.concurrent.ConcurrentHashMap.get(Ljava/lang/Object;)Ljava/lang/Object; @ 149
Event: 2,702 Thread 0x00007faa1400a000 Uncommon trap: reason=bimorphic action=maybe_recompile pc=0x00007faa048c9390 method=java.util.concurrent.ConcurrentHashMap.get(Ljava/lang/Object;)Ljava/lang/Object; @ 149
Event: 2,708 Thread 0x00007faa1400a000 Uncommon trap: reason=bimorphic action=maybe_recompile pc=0x00007faa048c9390 method=java.util.concurrent.ConcurrentHashMap.get(Ljava/lang/Object;)Ljava/lang/Object; @ 149
Event: 2,708 Thread 0x00007faa1400a000 Uncommon trap: reason=bimorphic action=maybe_recompile pc=0x00007faa048c9390 method=java.util.concurrent.ConcurrentHashMap.get(Ljava/lang/Object;)Ljava/lang/Object; @ 149
Event: 2,810 Thread 0x00007faa1400a000 Uncommon trap: reason=unstable_if action=reinterpret pc=0x00007faa04b77194 method=org.eclipse.sisu.plexus.RealmFilteredBeans$FilteredItr.hasNext()Z @ 44
Event: 2,854 Thread 0x00007faa1400a000 Uncommon trap: reason=bimorphic action=maybe_recompile pc=0x00007faa0497b338 method=java.util.regex.Pattern$CharProperty.match(Ljava/util/regex/Matcher;ILjava/lang/CharSequence;)Z @ 37

Internal exceptions (10 events):
Event: 1,148 Thread 0x00007faa1400a000 Exception <a 'java/lang/NoClassDefFoundError': javax/annotation/Priority> (0x00000000ecb5dfa0) thrown at [/HUDSON/workspace/8-2-build-linux-amd64/jdk8u131/8869/hotspot/src/share/vm/classfile/systemDictionary.cpp, line 199]
Event: 1,333 Thread 0x00007faa1400a000 Exception <a 'java/lang/NullPointerException'> (0x00000000ec1fd320) thrown at [/HUDSON/workspace/8-2-build-linux-amd64/jdk8u131/8869/hotspot/src/share/vm/interpreter/linkResolver.cpp, line 1197]
Event: 1,333 Thread 0x00007faa1400a000 Exception <a 'java/lang/NullPointerException'> (0x00000000ec1fd538) thrown at [/HUDSON/workspace/8-2-build-linux-amd64/jdk8u131/8869/hotspot/src/share/vm/interpreter/linkResolver.cpp, line 1197]
Event: 1,333 Thread 0x00007faa1400a000 Exception <a 'java/lang/NullPointerException'> (0x00000000ec1fd750) thrown at [/HUDSON/workspace/8-2-build-linux-amd64/jdk8u131/8869/hotspot/src/share/vm/interpreter/linkResolver.cpp, line 1197]
Event: 1,334 Thread 0x00007faa1400a000 Exception <a 'java/lang/NullPointerException'> (0x00000000ec20d348) thrown at [/HUDSON/workspace/8-2-build-linux-amd64/jdk8u131/8869/hotspot/src/share/vm/interpreter/linkResolver.cpp, line 1197]
Event: 1,334 Thread 0x00007faa1400a000 Exception <a 'java/lang/NullPointerException'> (0x00000000ec20d560) thrown at [/HUDSON/workspace/8-2-build-linux-amd64/jdk8u131/8869/hotspot/src/share/vm/interpreter/linkResolver.cpp, line 1197]
Event: 1,334 Thread 0x00007faa1400a000 Exception <a 'java/lang/NullPointerException'> (0x00000000ec20d778) thrown at [/HUDSON/workspace/8-2-build-linux-amd64/jdk8u131/8869/hotspot/src/share/vm/interpreter/linkResolver.cpp, line 1197]
Event: 1,484 Thread 0x00007faa1400a000 Implicit null exception at 0x00007faa0470cd35 to 0x00007faa0470cf19
Event: 1,484 Thread 0x00007faa1400a000 Implicit null exception at 0x00007faa046379af to 0x00007faa04637a19
Event: 1,640 Thread 0x00007faa1400a000 Implicit null exception at 0x00007faa04978981 to 0x00007faa04979495

Events (10 events):
Event: 2,869 loading class org/apache/maven/plugin/logging/Log done
Event: 2,870 loading class org/apache/maven/artifact/resolver/filter/CumulativeScopeArtifactFilter
Event: 2,870 loading class org/apache/maven/artifact/resolver/filter/CumulativeScopeArtifactFilter done
Event: 2,870 loading class org/apache/maven/artifact/resolver/filter/AbstractScopeArtifactFilter
Event: 2,870 loading class org/apache/maven/artifact/resolver/filter/AbstractScopeArtifactFilter done
Event: 2,873 loading class com/google/inject/internal/InternalContext$1
Event: 2,873 loading class com/google/inject/internal/InternalContext$1 done
Event: 2,901 Executing VM operation: ForceSafepoint
Event: 2,902 Executing VM operation: ForceSafepoint done
Event: 2,936 Executing VM operation: ParallelGCFailedAllocation


Dynamic libraries:
00400000-00401000 r-xp 00000000 08:01 6556052                            /usr/lib/jvm/jdk1.8.0_131/bin/java
00600000-00601000 rw-p 00000000 08:01 6556052                            /usr/lib/jvm/jdk1.8.0_131/bin/java
01e78000-01e99000 rw-p 00000000 00:00 0                                  [heap]
c3400000-c5d80000 rw-p 00000000 00:00 0 
c5d80000-ebc00000 ---p 00000000 00:00 0 
ebc00000-f0800000 rw-p 00000000 00:00 0 
f4900000-100000000 ---p 00000000 00:00 0 
100000000-100200000 rw-p 00000000 00:00 0 
100200000-140000000 ---p 00000000 00:00 0 
7fa9c4000000-7fa9c4021000 rw-p 00000000 00:00 0 
7fa9c4021000-7fa9c8000000 ---p 00000000 00:00 0 
7fa9cc000000-7fa9ccb8f000 rw-p 00000000 00:00 0 
7fa9ccb8f000-7fa9d0000000 ---p 00000000 00:00 0 
7fa9d0000000-7fa9d0021000 rw-p 00000000 00:00 0 
7fa9d0021000-7fa9d4000000 ---p 00000000 00:00 0 
7fa9d4000000-7fa9d4a25000 rw-p 00000000 00:00 0 
7fa9d4a25000-7fa9d8000000 ---p 00000000 00:00 0 
7fa9d8000000-7fa9d8d96000 rw-p 00000000 00:00 0 
7fa9d8d96000-7fa9dc000000 ---p 00000000 00:00 0 
7fa9dc000000-7fa9dc021000 rw-p 00000000 00:00 0 
7fa9dc021000-7fa9e0000000 ---p 00000000 00:00 0 
7fa9e0000000-7fa9e0021000 rw-p 00000000 00:00 0 
7fa9e0021000-7fa9e4000000 ---p 00000000 00:00 0 
7fa9e4000000-7fa9e428f000 rw-p 00000000 00:00 0 
7fa9e428f000-7fa9e8000000 ---p 00000000 00:00 0 
7fa9e8000000-7fa9e8021000 rw-p 00000000 00:00 0 
7fa9e8021000-7fa9ec000000 ---p 00000000 00:00 0 
7fa9ec000000-7fa9ec021000 rw-p 00000000 00:00 0 
7fa9ec021000-7fa9f0000000 ---p 00000000 00:00 0 
7fa9f0000000-7fa9f0021000 rw-p 00000000 00:00 0 
7fa9f0021000-7fa9f4000000 ---p 00000000 00:00 0 
7fa9f4000000-7fa9f4021000 rw-p 00000000 00:00 0 
7fa9f4021000-7fa9f8000000 ---p 00000000 00:00 0 
7fa9fa135000-7fa9fa137000 r--s 0000d000 08:01 262276                     /home/baoquangtu/.m2/repository/org/codehaus/plexus/plexus-interpolation/1.13/plexus-interpolation-1.13.jar
7fa9fa137000-7fa9fa138000 r--s 00001000 08:01 132541                     /home/baoquangtu/.m2/repository/org/sonatype/plexus/plexus-build-api/0.0.4/plexus-build-api-0.0.4.jar
7fa9fa138000-7fa9fa13a000 r--s 00009000 08:01 262274                     /home/baoquangtu/.m2/repository/org/apache/maven/shared/maven-filtering/1.1/maven-filtering-1.1.jar
7fa9fa13a000-7fa9fa13e000 r--s 00033000 08:01 262272                     /home/baoquangtu/.m2/repository/org/codehaus/plexus/plexus-utils/2.0.5/plexus-utils-2.0.5.jar
7fa9fa13e000-7fa9fa141000 r--s 0001b000 08:01 7212610                    /home/baoquangtu/.m2/repository/junit/junit/3.8.1/junit-3.8.1.jar
7fa9fa141000-7fa9fa143000 r--s 00002000 08:01 7212628                    /home/baoquangtu/.m2/repository/org/codehaus/plexus/plexus-interactivity-api/1.0-alpha-4/plexus-interactivity-api-1.0-alpha-4.jar
7fa9fa143000-7fa9fa145000 r--s 00006000 08:01 7212670                    /home/baoquangtu/.m2/repository/commons-cli/commons-cli/1.0/commons-cli-1.0.jar
7fa9fa145000-7fa9fa146000 r--s 00001000 08:01 7212666                    /home/baoquangtu/.m2/repository/org/apache/maven/doxia/doxia-sink-api/1.0-alpha-7/doxia-sink-api-1.0-alpha-7.jar
7fa9fa146000-7fa9fa147000 r--s 00002000 08:01 7212664                    /home/baoquangtu/.m2/repository/org/apache/maven/reporting/maven-reporting-api/2.0.6/maven-reporting-api-2.0.6.jar
7fa9fa147000-7fa9fa149000 r--s 00006000 08:01 7211631                    /home/baoquangtu/.m2/repository/org/apache/maven/plugins/maven-resources-plugin/2.6/maven-resources-plugin-2.6.jar
7fa9fa149000-7fa9fa1c9000 rw-p 00000000 00:00 0 
7fa9fa1c9000-7fa9fa349000 ---p 00000000 00:00 0 
7fa9fa349000-7fa9fa34d000 r--s 00034000 08:01 262246                     /home/baoquangtu/.m2/repository/org/codehaus/plexus/plexus-utils/3.0/plexus-utils-3.0.jar
7fa9fa34d000-7fa9fa34f000 r--s 00005000 08:01 7211622                    /home/baoquangtu/.m2/repository/org/apache/maven/plugins/maven-clean-plugin/2.5/maven-clean-plugin-2.5.jar
7fa9fa34f000-7fa9fa360000 r-xp 00000000 08:01 6690007                    /usr/lib/jvm/jdk1.8.0_131/jre/lib/amd64/libnio.so
7fa9fa360000-7fa9fa55f000 ---p 00011000 08:01 6690007                    /usr/lib/jvm/jdk1.8.0_131/jre/lib/amd64/libnio.so
7fa9fa55f000-7fa9fa560000 rw-p 00010000 08:01 6690007                    /usr/lib/jvm/jdk1.8.0_131/jre/lib/amd64/libnio.so
7fa9fa560000-7fa9fa861000 rw-p 00000000 00:00 0 
7fa9fa861000-7fa9fa877000 r-xp 00000000 08:01 6690004                    /usr/lib/jvm/jdk1.8.0_131/jre/lib/amd64/libnet.so
7fa9fa877000-7fa9faa77000 ---p 00016000 08:01 6690004                    /usr/lib/jvm/jdk1.8.0_131/jre/lib/amd64/libnet.so
7fa9faa77000-7fa9faa78000 rw-p 00016000 08:01 6690004                    /usr/lib/jvm/jdk1.8.0_131/jre/lib/amd64/libnet.so
7fa9faa78000-7fa9fac78000 rw-p 00000000 00:00 0 
7fa9fac78000-7fa9fac7d000 r--s 0009a000 08:01 6689847                    /usr/lib/jvm/jdk1.8.0_131/jre/lib/jsse.jar
7fa9fac7d000-7fa9fae7d000 rw-p 00000000 00:00 0 
7fa9fae7d000-7fa9fb07d000 rw-p 00000000 00:00 0 
7fa9fb07d000-7fa9fb07f000 r--s 0000f000 08:01 6556279                    /home/baoquangtu/Documents/Java/apache-maven-3.3.9/lib/maven-aether-provider-3.3.9.jar
7fa9fb07f000-7fa9fb081000 r--s 00006000 08:01 6556281                    /home/baoquangtu/Documents/Java/apache-maven-3.3.9/lib/aether-spi-1.0.2.v20150114.jar
7fa9fb081000-7fa9fb082000 r--s 00002000 08:01 6556291                    /home/baoquangtu/Documents/Java/apache-maven-3.3.9/lib/wagon-http-shared-2.10.jar
7fa9fb082000-7fa9fb087000 r--s 00027000 08:01 6556277                    /home/baoquangtu/Documents/Java/apache-maven-3.3.9/lib/maven-model-builder-3.3.9.jar
7fa9fb087000-7fa9fb08a000 r--s 0000d000 08:01 6556265                    /home/baoquangtu/Documents/Java/apache-maven-3.3.9/lib/plexus-interpolation-1.21.jar
7fa9fb08a000-7fa9fb08d000 r--s 00026000 08:01 6556261                    /home/baoquangtu/Documents/Java/apache-maven-3.3.9/lib/maven-model-3.3.9.jar
7fa9fb08d000-7fa9fb093000 r--s 00042000 08:01 6556292                    /home/baoquangtu/Documents/Java/apache-maven-3.3.9/lib/jsoup-1.7.2.jar
7fa9fb093000-7fa9fb096000 r--s 00013000 08:01 6556257                    /home/baoquangtu/Documents/Java/apache-maven-3.3.9/lib/maven-embedder-3.3.9.jar
7fa9fb096000-7fa9fb09f000 r--s 0005f000 08:01 6556284                    /home/baoquangtu/Documents/Java/apache-maven-3.3.9/lib/guice-4.0-no_aop.jar
7fa9fb09f000-7fa9fb0a0000 ---p 00000000 00:00 0 
7fa9fb0a0000-7fa9fb1a0000 rw-p 00000000 00:00 0 
7fa9fb1a0000-7fa9fb1a3000 ---p 00000000 00:00 0 
7fa9fb1a3000-7fa9fb2a1000 rw-p 00000000 00:00 0 
7fa9fb2a1000-7fa9fb2a4000 ---p 00000000 00:00 0 
7fa9fb2a4000-7fa9fb3a2000 rw-p 00000000 00:00 0 
7fa9fb3a2000-7fa9fb3a5000 ---p 00000000 00:00 0 
7fa9fb3a5000-7fa9fb4a3000 rw-p 00000000 00:00 0 
7fa9fb4a3000-7fa9fb4a6000 ---p 00000000 00:00 0 
7fa9fb4a6000-7fa9fb5a4000 rw-p 00000000 00:00 0 
7fa9fb5a4000-7fa9fb5a7000 ---p 00000000 00:00 0 
7fa9fb5a7000-7fa9fb6a5000 rw-p 00000000 00:00 0 
7fa9fb6a5000-7fa9fbafb000 r--p 00000000 08:01 4063422                    /usr/lib/locale/locale-archive
7fa9fbafb000-7fa9fbafe000 ---p 00000000 00:00 0 
7fa9fbafe000-7fa9fbbfc000 rw-p 00000000 00:00 0 
7fa9fbbfc000-7fa9fbbff000 ---p 00000000 00:00 0 
7fa9fbbff000-7fa9fbcfd000 rw-p 00000000 00:00 0 
7fa9fbcfd000-7fa9fbcfe000 ---p 00000000 00:00 0 
7fa9fbcfe000-7fa9fc000000 rw-p 00000000 00:00 0 
7fa9fc000000-7fa9fc021000 rw-p 00000000 00:00 0 
7fa9fc021000-7faa00000000 ---p 00000000 00:00 0 
7faa00000000-7faa00002000 r--s 00005000 08:01 6556297                    /home/baoquangtu/Documents/Java/apache-maven-3.3.9/lib/aether-transport-wagon-1.0.2.v20150114.jar
7faa00002000-7faa00003000 r--s 00001000 08:01 6556274                    /home/baoquangtu/Documents/Java/apache-maven-3.3.9/lib/jsr250-api-1.0.jar
7faa00003000-7faa00005000 r--s 00009000 08:01 6556263                    /home/baoquangtu/Documents/Java/apache-maven-3.3.9/lib/maven-settings-builder-3.3.9.jar
7faa00005000-7faa00009000 r--s 00027000 08:01 6556294                    /home/baoquangtu/Documents/Java/apache-maven-3.3.9/lib/commons-io-2.2.jar
7faa00009000-7faa0000b000 r--s 0000a000 08:01 6556271                    /home/baoquangtu/Documents/Java/apache-maven-3.3.9/lib/maven-plugin-api-3.3.9.jar
7faa0000b000-7faa00011000 r--s 00041000 08:01 6556286                    /home/baoquangtu/Documents/Java/apache-maven-3.3.9/lib/maven-compat-3.3.9.jar
7faa00011000-7faa00015000 r--s 00020000 08:01 6556282                    /home/baoquangtu/Documents/Java/apache-maven-3.3.9/lib/aether-util-1.0.2.v20150114.jar
7faa00015000-7faa0001c000 r--s 00064000 08:01 6556262                    /home/baoquangtu/Documents/Java/apache-maven-3.3.9/lib/commons-lang3-3.4.jar
7faa0001c000-7faa0001d000 r--s 00002000 08:01 6556295                    /home/baoquangtu/Documents/Java/apache-maven-3.3.9/lib/wagon-file-2.10.jar
7faa0001d000-7faa0001e000 r--s 00003000 08:01 6556264                    /home/baoquangtu/Documents/Java/apache-maven-3.3.9/lib/maven-builder-support-3.3.9.jar
7faa0001e000-7faa0001f000 r--s 00002000 08:01 6556298                    /home/baoquangtu/Documents/Java/apache-maven-3.3.9/lib/slf4j-simple-1.7.5.jar
7faa0001f000-7faa00027000 r--s 00055000 08:01 6556276                    /home/baoquangtu/Documents/Java/apache-maven-3.3.9/lib/org.eclipse.sisu.inject-0.3.2.jar
7faa00027000-7faa00029000 r--s 00000000 08:01 6556266                    /home/baoquangtu/Documents/Java/apache-maven-3.3.9/lib/plexus-component-annotations-1.6.jar
7faa00029000-7faa0002c000 r--s 00008000 08:01 6556273                    /home/baoquangtu/Documents/Java/apache-maven-3.3.9/lib/cdi-api-1.0.jar
7faa0002c000-7faa00032000 r--s 0002d000 08:01 6556272                    /home/baoquangtu/Documents/Java/apache-maven-3.3.9/lib/org.eclipse.sisu.plexus-0.3.2.jar
7faa00032000-7faa00033000 r--s 0000a000 08:01 6556258                    /home/baoquangtu/Documents/Java/apache-maven-3.3.9/lib/maven-settings-3.3.9.jar
7faa00033000-7faa00035000 r--s 00005000 08:01 6556288                    /home/baoquangtu/Documents/Java/apache-maven-3.3.9/lib/slf4j-api-1.7.5.jar
7faa00035000-7faa00037000 r--s 00009000 08:01 6556289                    /home/baoquangtu/Documents/Java/apache-maven-3.3.9/lib/commons-cli-1.2.jar
7faa00037000-7faa00039000 r--s 0000c000 08:01 6556270                    /home/baoquangtu/Documents/Java/apache-maven-3.3.9/lib/maven-artifact-3.3.9.jar
7faa00039000-7faa00067000 r--s 001fa000 08:01 6556290                    /home/baoquangtu/Documents/Java/apache-maven-3.3.9/lib/wagon-http-2.10-shaded.jar
7faa00067000-7faa00074000 r--s 0008f000 08:01 6556260                    /home/baoquangtu/Documents/Java/apache-maven-3.3.9/lib/maven-core-3.3.9.jar
7faa00074000-7faa0009f000 r--s 001fc000 08:01 6556278                    /home/baoquangtu/Documents/Java/apache-maven-3.3.9/lib/guava-18.0.jar
7faa0009f000-7faa000a2000 r--s 0000b000 08:01 6556287                    /home/baoquangtu/Documents/Java/apache-maven-3.3.9/lib/wagon-provider-api-2.10.jar
7faa000a2000-7faa000a6000 r--s 00038000 08:01 6556259                    /home/baoquangtu/Documents/Java/apache-maven-3.3.9/lib/plexus-utils-3.0.22.jar
7faa000a6000-7faa00df5000 rw-p 00000000 00:00 0 
7faa00df5000-7faa00fce000 r--s 03d40000 08:01 6689795                    /usr/lib/jvm/jdk1.8.0_131/jre/lib/rt.jar
7faa00fce000-7faa0388a000 rw-p 00000000 00:00 0 
7faa0388a000-7faa0388b000 ---p 00000000 00:00 0 
7faa0388b000-7faa0398b000 rw-p 00000000 00:00 0 
7faa0398b000-7faa0398c000 ---p 00000000 00:00 0 
7faa0398c000-7faa03a8c000 rw-p 00000000 00:00 0 
7faa03a8c000-7faa03a8d000 ---p 00000000 00:00 0 
7faa03a8d000-7faa03b8d000 rw-p 00000000 00:00 0 
7faa03b8d000-7faa03b8e000 ---p 00000000 00:00 0 
7faa03b8e000-7faa03ca3000 rw-p 00000000 00:00 0 
7faa03ca3000-7faa03dd2000 ---p 00000000 00:00 0 
7faa03dd2000-7faa03de7000 rw-p 00000000 00:00 0 
7faa03de7000-7faa03f16000 ---p 00000000 00:00 0 
7faa03f16000-7faa03f3c000 rw-p 00000000 00:00 0 
7faa03f3c000-7faa03fb8000 ---p 00000000 00:00 0 
7faa03fb8000-7faa03fe2000 rw-p 00000000 00:00 0 
7faa03fe2000-7faa04379000 ---p 00000000 00:00 0 
7faa04379000-7faa04da9000 rwxp 00000000 00:00 0 
7faa04da9000-7faa13379000 ---p 00000000 00:00 0 
7faa13379000-7faa13393000 r-xp 00000000 08:01 6690000                    /usr/lib/jvm/jdk1.8.0_131/jre/lib/amd64/libzip.so
7faa13393000-7faa13593000 ---p 0001a000 08:01 6690000                    /usr/lib/jvm/jdk1.8.0_131/jre/lib/amd64/libzip.so
7faa13593000-7faa13594000 rw-p 0001a000 08:01 6690000                    /usr/lib/jvm/jdk1.8.0_131/jre/lib/amd64/libzip.so
7faa13594000-7faa1359f000 r-xp 00000000 08:01 7084722                    /lib/x86_64-linux-gnu/libnss_files-2.23.so
7faa1359f000-7faa1379e000 ---p 0000b000 08:01 7084722                    /lib/x86_64-linux-gnu/libnss_files-2.23.so
7faa1379e000-7faa1379f000 r--p 0000a000 08:01 7084722                    /lib/x86_64-linux-gnu/libnss_files-2.23.so
7faa1379f000-7faa137a0000 rw-p 0000b000 08:01 7084722                    /lib/x86_64-linux-gnu/libnss_files-2.23.so
7faa137a0000-7faa137a6000 rw-p 00000000 00:00 0 
7faa137a6000-7faa137b1000 r-xp 00000000 08:01 7084709                    /lib/x86_64-linux-gnu/libnss_nis-2.23.so
7faa137b1000-7faa139b0000 ---p 0000b000 08:01 7084709                    /lib/x86_64-linux-gnu/libnss_nis-2.23.so
7faa139b0000-7faa139b1000 r--p 0000a000 08:01 7084709                    /lib/x86_64-linux-gnu/libnss_nis-2.23.so
7faa139b1000-7faa139b2000 rw-p 0000b000 08:01 7084709                    /lib/x86_64-linux-gnu/libnss_nis-2.23.so
7faa139b2000-7faa139c8000 r-xp 00000000 08:01 7084711                    /lib/x86_64-linux-gnu/libnsl-2.23.so
7faa139c8000-7faa13bc7000 ---p 00016000 08:01 7084711                    /lib/x86_64-linux-gnu/libnsl-2.23.so
7faa13bc7000-7faa13bc8000 r--p 00015000 08:01 7084711                    /lib/x86_64-linux-gnu/libnsl-2.23.so
7faa13bc8000-7faa13bc9000 rw-p 00016000 08:01 7084711                    /lib/x86_64-linux-gnu/libnsl-2.23.so
7faa13bc9000-7faa13bcb000 rw-p 00000000 00:00 0 
7faa13bcb000-7faa13bd3000 r-xp 00000000 08:01 7084724                    /lib/x86_64-linux-gnu/libnss_compat-2.23.so
7faa13bd3000-7faa13dd2000 ---p 00008000 08:01 7084724                    /lib/x86_64-linux-gnu/libnss_compat-2.23.so
7faa13dd2000-7faa13dd3000 r--p 00007000 08:01 7084724                    /lib/x86_64-linux-gnu/libnss_compat-2.23.so
7faa13dd3000-7faa13dd4000 rw-p 00008000 08:01 7084724                    /lib/x86_64-linux-gnu/libnss_compat-2.23.so
7faa13dd4000-7faa13dff000 r-xp 00000000 08:01 6689994                    /usr/lib/jvm/jdk1.8.0_131/jre/lib/amd64/libjava.so
7faa13dff000-7faa13ffe000 ---p 0002b000 08:01 6689994                    /usr/lib/jvm/jdk1.8.0_131/jre/lib/amd64/libjava.so
7faa13ffe000-7faa14000000 rw-p 0002a000 08:01 6689994                    /usr/lib/jvm/jdk1.8.0_131/jre/lib/amd64/libjava.so
7faa14000000-7faa14a4a000 rw-p 00000000 00:00 0 
7faa14a4a000-7faa18000000 ---p 00000000 00:00 0 
7faa18000000-7faa18001000 r--s 00008000 08:01 6556296                    /home/baoquangtu/Documents/Java/apache-maven-3.3.9/lib/aether-connector-basic-1.0.2.v20150114.jar
7faa18001000-7faa18002000 r--s 00000000 08:01 6556275                    /home/baoquangtu/Documents/Java/apache-maven-3.3.9/lib/javax.inject-1.jar
7faa18002000-7faa18007000 r--s 00041000 08:01 6556293                    /home/baoquangtu/Documents/Java/apache-maven-3.3.9/lib/commons-lang-2.6.jar
7faa18007000-7faa18008000 r--s 00006000 08:01 6556269                    /home/baoquangtu/Documents/Java/apache-maven-3.3.9/lib/maven-repository-metadata-3.3.9.jar
7faa18008000-7faa1800d000 r--s 0001d000 08:01 6556280                    /home/baoquangtu/Documents/Java/apache-maven-3.3.9/lib/aether-api-1.0.2.v20150114.jar
7faa1800d000-7faa1800f000 r--s 00000000 08:01 6556285                    /home/baoquangtu/Documents/Java/apache-maven-3.3.9/lib/aopalliance-1.0.jar
7faa1800f000-7faa18072000 rw-p 00000000 00:00 0 
7faa18072000-7faa1807f000 r-xp 00000000 08:01 6689999                    /usr/lib/jvm/jdk1.8.0_131/jre/lib/amd64/libverify.so
7faa1807f000-7faa1827e000 ---p 0000d000 08:01 6689999                    /usr/lib/jvm/jdk1.8.0_131/jre/lib/amd64/libverify.so
7faa1827e000-7faa18280000 rw-p 0000c000 08:01 6689999                    /usr/lib/jvm/jdk1.8.0_131/jre/lib/amd64/libverify.so
7faa18280000-7faa18287000 r-xp 00000000 08:01 7084725                    /lib/x86_64-linux-gnu/librt-2.23.so
7faa18287000-7faa18486000 ---p 00007000 08:01 7084725                    /lib/x86_64-linux-gnu/librt-2.23.so
7faa18486000-7faa18487000 r--p 00006000 08:01 7084725                    /lib/x86_64-linux-gnu/librt-2.23.so
7faa18487000-7faa18488000 rw-p 00007000 08:01 7084725                    /lib/x86_64-linux-gnu/librt-2.23.so
7faa18488000-7faa18590000 r-xp 00000000 08:01 7084710                    /lib/x86_64-linux-gnu/libm-2.23.so
7faa18590000-7faa1878f000 ---p 00108000 08:01 7084710                    /lib/x86_64-linux-gnu/libm-2.23.so
7faa1878f000-7faa18790000 r--p 00107000 08:01 7084710                    /lib/x86_64-linux-gnu/libm-2.23.so
7faa18790000-7faa18791000 rw-p 00108000 08:01 7084710                    /lib/x86_64-linux-gnu/libm-2.23.so
7faa18791000-7faa19460000 r-xp 00000000 08:01 6689977                    /usr/lib/jvm/jdk1.8.0_131/jre/lib/amd64/server/libjvm.so
7faa19460000-7faa19660000 ---p 00ccf000 08:01 6689977                    /usr/lib/jvm/jdk1.8.0_131/jre/lib/amd64/server/libjvm.so
7faa19660000-7faa19739000 rw-p 00ccf000 08:01 6689977                    /usr/lib/jvm/jdk1.8.0_131/jre/lib/amd64/server/libjvm.so
7faa19739000-7faa19784000 rw-p 00000000 00:00 0 
7faa19784000-7faa19943000 r-xp 00000000 08:01 7084712                    /lib/x86_64-linux-gnu/libc-2.23.so
7faa19943000-7faa19b43000 ---p 001bf000 08:01 7084712                    /lib/x86_64-linux-gnu/libc-2.23.so
7faa19b43000-7faa19b47000 r--p 001bf000 08:01 7084712                    /lib/x86_64-linux-gnu/libc-2.23.so
7faa19b47000-7faa19b49000 rw-p 001c3000 08:01 7084712                    /lib/x86_64-linux-gnu/libc-2.23.so
7faa19b49000-7faa19b4d000 rw-p 00000000 00:00 0 
7faa19b4d000-7faa19b50000 r-xp 00000000 08:01 7084708                    /lib/x86_64-linux-gnu/libdl-2.23.so
7faa19b50000-7faa19d4f000 ---p 00003000 08:01 7084708                    /lib/x86_64-linux-gnu/libdl-2.23.so
7faa19d4f000-7faa19d50000 r--p 00002000 08:01 7084708                    /lib/x86_64-linux-gnu/libdl-2.23.so
7faa19d50000-7faa19d51000 rw-p 00003000 08:01 7084708                    /lib/x86_64-linux-gnu/libdl-2.23.so
7faa19d51000-7faa19d66000 r-xp 00000000 08:01 6689639                    /usr/lib/jvm/jdk1.8.0_131/lib/amd64/jli/libjli.so
7faa19d66000-7faa19f66000 ---p 00015000 08:01 6689639                    /usr/lib/jvm/jdk1.8.0_131/lib/amd64/jli/libjli.so
7faa19f66000-7faa19f67000 rw-p 00015000 08:01 6689639                    /usr/lib/jvm/jdk1.8.0_131/lib/amd64/jli/libjli.so
7faa19f67000-7faa19f7f000 r-xp 00000000 08:01 7084729                    /lib/x86_64-linux-gnu/libpthread-2.23.so
7faa19f7f000-7faa1a17e000 ---p 00018000 08:01 7084729                    /lib/x86_64-linux-gnu/libpthread-2.23.so
7faa1a17e000-7faa1a17f000 r--p 00017000 08:01 7084729                    /lib/x86_64-linux-gnu/libpthread-2.23.so
7faa1a17f000-7faa1a180000 rw-p 00018000 08:01 7084729                    /lib/x86_64-linux-gnu/libpthread-2.23.so
7faa1a180000-7faa1a184000 rw-p 00000000 00:00 0 
7faa1a184000-7faa1a1aa000 r-xp 00000000 08:01 7084719                    /lib/x86_64-linux-gnu/ld-2.23.so
7faa1a1aa000-7faa1a1ae000 r--s 00027000 08:01 6556283                    /home/baoquangtu/Documents/Java/apache-maven-3.3.9/lib/aether-impl-1.0.2.v20150114.jar
7faa1a1ae000-7faa1a1b0000 r--s 00002000 08:01 6556268                    /home/baoquangtu/Documents/Java/apache-maven-3.3.9/lib/plexus-cipher-1.7.jar
7faa1a1b0000-7faa1a1b1000 r--s 00006000 08:01 6556267                    /home/baoquangtu/Documents/Java/apache-maven-3.3.9/lib/plexus-sec-dispatcher-1.3.jar
7faa1a1b1000-7faa1a1b3000 r--s 0000b000 08:01 6556255                    /home/baoquangtu/Documents/Java/apache-maven-3.3.9/boot/plexus-classworlds-2.5.2.jar
7faa1a1b3000-7faa1a285000 rw-p 00000000 00:00 0 
7faa1a285000-7faa1a288000 ---p 00000000 00:00 0 
7faa1a288000-7faa1a39d000 rw-p 00000000 00:00 0 
7faa1a39d000-7faa1a3a5000 rw-s 00000000 08:01 6168474                    /tmp/hsperfdata_baoquangtu/16385
7faa1a3a5000-7faa1a3a6000 rw-p 00000000 00:00 0 
7faa1a3a6000-7faa1a3a7000 ---p 00000000 00:00 0 
7faa1a3a7000-7faa1a3a9000 rw-p 00000000 00:00 0 
7faa1a3a9000-7faa1a3aa000 r--p 00025000 08:01 7084719                    /lib/x86_64-linux-gnu/ld-2.23.so
7faa1a3aa000-7faa1a3ab000 rw-p 00026000 08:01 7084719                    /lib/x86_64-linux-gnu/ld-2.23.so
7faa1a3ab000-7faa1a3ac000 rw-p 00000000 00:00 0 
7ffc4a7d1000-7ffc4a7f3000 rw-p 00000000 00:00 0                          [stack]
7ffc4a7fa000-7ffc4a7fc000 r--p 00000000 00:00 0                          [vvar]
7ffc4a7fc000-7ffc4a7fe000 r-xp 00000000 00:00 0                          [vdso]
ffffffffff600000-ffffffffff601000 r-xp 00000000 00:00 0                  [vsyscall]

VM Arguments:
jvm_args: -Dclassworlds.conf=/home/baoquangtu/Documents/Java/apache-maven-3.3.9/bin/m2.conf -Dmaven.home=/home/baoquangtu/Documents/Java/apache-maven-3.3.9 -Dmaven.multiModuleProjectDirectory=/home/baoquangtu/demo/MyAppCore 
java_command: org.codehaus.plexus.classworlds.launcher.Launcher clean install
java_class_path (initial): /home/baoquangtu/Documents/Java/apache-maven-3.3.9/boot/plexus-classworlds-2.5.2.jar
Launcher Type: SUN_STANDARD

Environment Variables:
JAVA_HOME=/usr/lib/jvm/jdk1.8.0_131
PATH=/home/baoquangtu/Documents/Java/apache-maven-3.3.9/bin:/usr/apache/apache-tomcat-7.0.77/bin:/usr/lib/jvm/jdk1.8.0_131/bin:/home/baoquangtu/bin:/home/baoquangtu/.local/bin:/usr/local/sbin:/usr/local/bin:/usr/sbin:/usr/bin:/sbin:/bin:/usr/games:/usr/local/games:/snap/bin
SHELL=/bin/bash
DISPLAY=:0

Signal Handlers:
SIGSEGV: [libjvm.so+0xac8af0], sa_mask[0]=11111111011111111101111111111110, sa_flags=SA_RESTART|SA_SIGINFO
SIGBUS: [libjvm.so+0xac8af0], sa_mask[0]=11111111011111111101111111111110, sa_flags=SA_RESTART|SA_SIGINFO
SIGFPE: [libjvm.so+0x921dd0], sa_mask[0]=11111111011111111101111111111110, sa_flags=SA_RESTART|SA_SIGINFO
SIGPIPE: [libjvm.so+0x921dd0], sa_mask[0]=11111111011111111101111111111110, sa_flags=SA_RESTART|SA_SIGINFO
SIGXFSZ: [libjvm.so+0x921dd0], sa_mask[0]=11111111011111111101111111111110, sa_flags=SA_RESTART|SA_SIGINFO
SIGILL: [libjvm.so+0x921dd0], sa_mask[0]=11111111011111111101111111111110, sa_flags=SA_RESTART|SA_SIGINFO
SIGUSR1: SIG_DFL, sa_mask[0]=00000000000000000000000000000000, sa_flags=none
SIGUSR2: [libjvm.so+0x923610], sa_mask[0]=00000000000000000000000000000000, sa_flags=SA_RESTART|SA_SIGINFO
SIGHUP: [libjvm.so+0x924a10], sa_mask[0]=11111111011111111101111111111110, sa_flags=SA_RESTART|SA_SIGINFO
SIGINT: [libjvm.so+0x924a10], sa_mask[0]=11111111011111111101111111111110, sa_flags=SA_RESTART|SA_SIGINFO
SIGTERM: [libjvm.so+0x924a10], sa_mask[0]=11111111011111111101111111111110, sa_flags=SA_RESTART|SA_SIGINFO
SIGQUIT: [libjvm.so+0x924a10], sa_mask[0]=11111111011111111101111111111110, sa_flags=SA_RESTART|SA_SIGINFO


---------------  S Y S T E M  ---------------

OS:DISTRIB_ID=Ubuntu
DISTRIB_RELEASE=16.04
DISTRIB_CODENAME=xenial
DISTRIB_DESCRIPTION="Ubuntu 16.04.2 LTS"

uname:Linux 4.8.0-54-generic #57~16.04.1-Ubuntu SMP Wed May 24 16:22:28 UTC 2017 x86_64
libc:glibc 2.23 NPTL 2.23 
rlimit: STACK 8192k, CORE 0k, NPROC 15362, NOFILE 65536, AS infinity
load average:0,67 0,74 0,70

/proc/meminfo:
MemTotal:        3975632 kB
MemFree:          104468 kB
MemAvailable:      25004 kB
Buffers:            5076 kB
Cached:            70344 kB
SwapCached:            0 kB
Active:          3614640 kB
Inactive:          48528 kB
Active(anon):    3589612 kB
Inactive(anon):    22172 kB
Active(file):      25028 kB
Inactive(file):    26356 kB
Unevictable:          80 kB
Mlocked:              80 kB
SwapTotal:             0 kB
SwapFree:              0 kB
Dirty:               216 kB
Writeback:             0 kB
AnonPages:       3588068 kB
Mapped:            56284 kB
Shmem:             23828 kB
Slab:              72556 kB
SReclaimable:      30424 kB
SUnreclaim:        42132 kB
KernelStack:       11504 kB
PageTables:        48064 kB
NFS_Unstable:          0 kB
Bounce:                0 kB
WritebackTmp:          0 kB
CommitLimit:     1987816 kB
Committed_AS:    8318448 kB
VmallocTotal:   34359738367 kB
VmallocUsed:           0 kB
VmallocChunk:          0 kB
HardwareCorrupted:     0 kB
AnonHugePages:   1134592 kB
ShmemHugePages:        0 kB
ShmemPmdMapped:        0 kB
CmaTotal:              0 kB
CmaFree:               0 kB
HugePages_Total:       0
HugePages_Free:        0
HugePages_Rsvd:        0
HugePages_Surp:        0
Hugepagesize:       2048 kB
DirectMap4k:      221132 kB
DirectMap2M:     3903488 kB


CPU:total 4 (initial active 4) (2 cores per cpu, 2 threads per core) family 6 model 58 stepping 9, cmov, cx8, fxsr, mmx, sse, sse2, sse3, ssse3, sse4.1, sse4.2, popcnt, avx, aes, clmul, erms, ht, tsc, tscinvbit, tscinv

/proc/cpuinfo:
processor	: 0
vendor_id	: GenuineIntel
cpu family	: 6
model		: 58
model name	: Intel(R) Core(TM) i7-3520M CPU @ 2.90GHz
stepping	: 9
microcode	: 0x1c
cpu MHz		: 3411.889
cache size	: 4096 KB
physical id	: 0
siblings	: 4
core id		: 0
cpu cores	: 2
apicid		: 0
initial apicid	: 0
fpu		: yes
fpu_exception	: yes
cpuid level	: 13
wp		: yes
flags		: fpu vme de pse tsc msr pae mce cx8 apic sep mtrr pge mca cmov pat pse36 clflush dts acpi mmx fxsr sse sse2 ss ht tm pbe syscall nx rdtscp lm constant_tsc arch_perfmon pebs bts rep_good nopl xtopology nonstop_tsc aperfmperf eagerfpu pni pclmulqdq dtes64 monitor ds_cpl vmx smx est tm2 ssse3 cx16 xtpr pdcm pcid sse4_1 sse4_2 x2apic popcnt tsc_deadline_timer aes xsave avx f16c rdrand lahf_lm epb tpr_shadow vnmi flexpriority ept vpid fsgsbase smep erms xsaveopt dtherm ida arat pln pts
bugs		:
bogomips	: 5786.79
clflush size	: 64
cache_alignment	: 64
address sizes	: 36 bits physical, 48 bits virtual
power management:

processor	: 1
vendor_id	: GenuineIntel
cpu family	: 6
model		: 58
model name	: Intel(R) Core(TM) i7-3520M CPU @ 2.90GHz
stepping	: 9
microcode	: 0x1c
cpu MHz		: 3373.303
cache size	: 4096 KB
physical id	: 0
siblings	: 4
core id		: 0
cpu cores	: 2
apicid		: 1
initial apicid	: 1
fpu		: yes
fpu_exception	: yes
cpuid level	: 13
wp		: yes
flags		: fpu vme de pse tsc msr pae mce cx8 apic sep mtrr pge mca cmov pat pse36 clflush dts acpi mmx fxsr sse sse2 ss ht tm pbe syscall nx rdtscp lm constant_tsc arch_perfmon pebs bts rep_good nopl xtopology nonstop_tsc aperfmperf eagerfpu pni pclmulqdq dtes64 monitor ds_cpl vmx smx est tm2 ssse3 cx16 xtpr pdcm pcid sse4_1 sse4_2 x2apic popcnt tsc_deadline_timer aes xsave avx f16c rdrand lahf_lm epb tpr_shadow vnmi flexpriority ept vpid fsgsbase smep erms xsaveopt dtherm ida arat pln pts
bugs		:
bogomips	: 5786.79
clflush size	: 64
cache_alignment	: 64
address sizes	: 36 bits physical, 48 bits virtual
power management:

processor	: 2
vendor_id	: GenuineIntel
cpu family	: 6
model		: 58
model name	: Intel(R) Core(TM) i7-3520M CPU @ 2.90GHz
stepping	: 9
microcode	: 0x1c
cpu MHz		: 3399.853
cache size	: 4096 KB
physical id	: 0
siblings	: 4
core id		: 1
cpu cores	: 2
apicid		: 2
initial apicid	: 2
fpu		: yes
fpu_exception	: yes
cpuid level	: 13
wp		: yes
flags		: fpu vme de pse tsc msr pae mce cx8 apic sep mtrr pge mca cmov pat pse36 clflush dts acpi mmx fxsr sse sse2 ss ht tm pbe syscall nx rdtscp lm constant_tsc arch_perfmon pebs bts rep_good nopl xtopology nonstop_tsc aperfmperf eagerfpu pni pclmulqdq dtes64 monitor ds_cpl vmx smx est tm2 ssse3 cx16 xtpr pdcm pcid sse4_1 sse4_2 x2apic popcnt tsc_deadline_timer aes xsave avx f16c rdrand lahf_lm epb tpr_shadow vnmi flexpriority ept vpid fsgsbase smep erms xsaveopt dtherm ida arat pln pts
bugs		:
bogomips	: 5786.79
clflush size	: 64
cache_alignment	: 64
address sizes	: 36 bits physical, 48 bits virtual
power management:

processor	: 3
vendor_id	: GenuineIntel
cpu family	: 6
model		: 58
model name	: Intel(R) Core(TM) i7-3520M CPU @ 2.90GHz
stepping	: 9
microcode	: 0x1c
cpu MHz		: 3399.853
cache size	: 4096 KB
physical id	: 0
siblings	: 4
core id		: 1
cpu cores	: 2
apicid		: 3
initial apicid	: 3
fpu		: yes
fpu_exception	: yes
cpuid level	: 13
wp		: yes
flags		: fpu vme de pse tsc msr pae mce cx8 apic sep mtrr pge mca cmov pat pse36 clflush dts acpi mmx fxsr sse sse2 ss ht tm pbe syscall nx rdtscp lm constant_tsc arch_perfmon pebs bts rep_good nopl xtopology nonstop_tsc aperfmperf eagerfpu pni pclmulqdq dtes64 monitor ds_cpl vmx smx est tm2 ssse3 cx16 xtpr pdcm pcid sse4_1 sse4_2 x2apic popcnt tsc_deadline_timer aes xsave avx f16c rdrand lahf_lm epb tpr_shadow vnmi flexpriority ept vpid fsgsbase smep erms xsaveopt dtherm ida arat pln pts
bugs		:
bogomips	: 5786.79
clflush size	: 64
cache_alignment	: 64
address sizes	: 36 bits physical, 48 bits virtual
power management:



Memory: 4k page, physical 3975632k(104468k free), swap 0k(0k free)

vm_info: Java HotSpot(TM) 64-Bit Server VM (25.131-b11) for linux-amd64 JRE (1.8.0_131-b11), built on Mar 15 2017 01:23:40 by "java_re" with gcc 4.3.0 20080428 (Red Hat 4.3.0-8)

time: Thu Jun 22 10:54:36 2017
elapsed time: 2 seconds (0d 0h 0m 2s)

